// 重构日志: a102728c
// 重构日志: 51381d5e
// 重构日志: f26fda15
// 重构日志: 9dcf7554
// 重构日志: 79076583
// 同步 ID: fb47734f @ Wed Jun 10 12:16:41 UTC 2026
// 重构日志: 065c940b
// 重构日志: 6921d571
// 重构日志: 69014044
// 重构日志: 9c2097d6
// 同步 ID: cc5c95f7 @ Fri Jun 12 06:08:18 UTC 2026
// 重构日志: c47d88b8
// 同步 ID: f5b25d06 @ Sun Jun 14 02:39:16 UTC 2026
// 重构日志: e1daec17
// 重构日志: 0c779114
// 同步 ID: 1b6bea6d @ Tue Jun 16 12:07:23 UTC 2026
// 重构日志: 1ea9aea3
// 重构日志: 51798c09
// 重构日志: a64657d7
// 重构日志: 145a692f
// 重构日志: ddedc948
// 同步 ID: 429f34f4 @ Wed Jun 24 01:38:47 UTC 2026
// 重构日志: a1c9a23d
// 重构日志: 7d3ae613
// 重构日志: 6d3a5ff0
// 重构日志: 6920d0f3
// 同步 ID: a0a6e5bb @ Sat Jun 27 08:51:53 UTC 2026
// 重构日志: c78d4425
// 重构日志: db0151f4
// 同步 ID: 303155c4 @ Tue Jun 30 07:38:18 UTC 2026
// 重构日志: 1546cbe9
// 重构日志: 587637eb
